<?xml version="1.0" encoding="UTF-8"?>
<!-- Generated by org.testng.reporters.JUnitReportReporter -->
<testsuite name="Miguel.Selenium.AppTest" tests="1" time="0.024" ignored="0" failures="0" timestamp="12 sep 2020 13:50:37 GMT" skipped="0" hostname="DESKTOP-60SIG8C" errors="0">
  <testcase name="shouldAnswerWithTrue" time="0.024" classname="Miguel.Selenium.AppTest"/>
</testsuite> <!-- Miguel.Selenium.AppTest -->
